<?xml version="1.0" encoding="UTF-8"?>
<testsuite name="com.dddsample.movieproject.presentation.movie.MovieControllerIntegrationTest" tests="1" skipped="0" failures="0" errors="0" timestamp="2023-04-25T07:41:00" hostname="motemoteui-MacBookPro-2.local" time="0.301">
  <properties/>
  <testcase name="영화_등록()" classname="com.dddsample.movieproject.presentation.movie.MovieControllerIntegrationTest" time="0.301"/>
  <system-out><![CDATA[16:40:57.737 [Test worker] DEBUG org.springframework.boot.test.context.SpringBootTestContextBootstrapper -- Neither @ContextConfiguration nor @ContextHierarchy found for test class [MovieControllerIntegrationTest]: using SpringBootContextLoader
16:40:57.742 [Test worker] DEBUG org.springframework.test.context.support.AbstractContextLoader -- Could not detect default resource locations for test class [com.dddsample.movieproject.presentation.movie.MovieControllerIntegrationTest]: no resource found for suffixes {-context.xml, Context.groovy}.
16:40:57.743 [Test worker] INFO org.springframework.test.context.support.AnnotationConfigContextLoaderUtils -- Could not detect default configuration classes for test class [com.dddsample.movieproject.presentation.movie.MovieControllerIntegrationTest]: MovieControllerIntegrationTest does not declare any static, non-private, non-final, nested classes annotated with @Configuration.
16:40:57.768 [Test worker] DEBUG org.springframework.boot.test.context.SpringBootTestContextBootstrapper -- Using ContextCustomizers for test class [MovieControllerIntegrationTest]: [DisableObservabilityContextCustomizer, PropertyMappingContextCustomizer, Customizer, ImportsContextCustomizer, ExcludeFilterContextCustomizer, DuplicateJsonObjectContextCustomizer, MockitoContextCustomizer, TestRestTemplateContextCustomizer]
16:40:57.829 [Test worker] DEBUG org.springframework.context.annotation.ClassPathScanningCandidateComponentProvider -- Identified candidate component class: file [/Users/motemote/Desktop/projects/movie-project/build/classes/java/main/com/dddsample/movieproject/MovieProjectApplication.class]
16:40:57.830 [Test worker] INFO org.springframework.boot.test.context.SpringBootTestContextBootstrapper -- Found @SpringBootConfiguration com.dddsample.movieproject.MovieProjectApplication for test class com.dddsample.movieproject.presentation.movie.MovieControllerIntegrationTest
16:40:57.900 [Test worker] DEBUG org.springframework.boot.test.context.SpringBootTestContextBootstrapper -- Using TestExecutionListeners for test class [MovieControllerIntegrationTest]: [ServletTestExecutionListener, DirtiesContextBeforeModesTestExecutionListener, ApplicationEventsTestExecutionListener, MockitoTestExecutionListener, DependencyInjectionTestExecutionListener, DirtiesContextTestExecutionListener, TransactionalTestExecutionListener, SqlScriptsTestExecutionListener, EventPublishingTestExecutionListener, RestDocsTestExecutionListener, MockRestServiceServerResetTestExecutionListener, MockMvcPrintOnlyOnFailureTestExecutionListener, WebDriverTestExecutionListener, MockWebServiceServerTestExecutionListener, ResetMocksTestExecutionListener]
16:40:57.901 [Test worker] DEBUG org.springframework.test.context.support.AbstractDirtiesContextTestExecutionListener -- Before test class: class [MovieControllerIntegrationTest], class annotated with @DirtiesContext [false] with mode [null]
16:40:57.911 [Test worker] DEBUG org.springframework.test.context.support.DependencyInjectionTestExecutionListener -- Performing dependency injection for test class com.dddsample.movieproject.presentation.movie.MovieControllerIntegrationTest

  .   ____          _            __ _ _
 /\\ / ___'_ __ _ _(_)_ __  __ _ \ \ \ \
( ( )\___ | '_ | '_| | '_ \/ _` | \ \ \ \
 \\/  ___)| |_)| | | | | || (_| |  ) ) ) )
  '  |____| .__|_| |_|_| |_\__, | / / / /
 =========|_|==============|___/=/_/_/_/
 :: Spring Boot ::                (v3.0.6)

2023-04-25T16:40:58.112+09:00  INFO 4467 --- [    Test worker] c.d.m.p.m.MovieControllerIntegrationTest : Starting MovieControllerIntegrationTest using Java 17.0.2 with PID 4467 (started by motemote in /Users/motemote/Desktop/projects/movie-project)
2023-04-25T16:40:58.113+09:00  INFO 4467 --- [    Test worker] c.d.m.p.m.MovieControllerIntegrationTest : No active profile set, falling back to 1 default profile: "default"
2023-04-25T16:40:58.557+09:00  INFO 4467 --- [    Test worker] .s.d.r.c.RepositoryConfigurationDelegate : Bootstrapping Spring Data JPA repositories in DEFAULT mode.
2023-04-25T16:40:58.609+09:00  INFO 4467 --- [    Test worker] .s.d.r.c.RepositoryConfigurationDelegate : Finished Spring Data repository scanning in 45 ms. Found 1 JPA repository interfaces.
2023-04-25T16:40:59.020+09:00  INFO 4467 --- [    Test worker] o.s.b.w.embedded.tomcat.TomcatWebServer  : Tomcat initialized with port(s): 0 (http)
2023-04-25T16:40:59.031+09:00  INFO 4467 --- [    Test worker] o.apache.catalina.core.StandardService   : Starting service [Tomcat]
2023-04-25T16:40:59.031+09:00  INFO 4467 --- [    Test worker] o.apache.catalina.core.StandardEngine    : Starting Servlet engine: [Apache Tomcat/10.1.8]
2023-04-25T16:40:59.112+09:00  INFO 4467 --- [    Test worker] o.a.c.c.C.[Tomcat].[localhost].[/]       : Initializing Spring embedded WebApplicationContext
2023-04-25T16:40:59.114+09:00  INFO 4467 --- [    Test worker] w.s.c.ServletWebServerApplicationContext : Root WebApplicationContext: initialization completed in 987 ms
2023-04-25T16:40:59.214+09:00  INFO 4467 --- [    Test worker] com.zaxxer.hikari.HikariDataSource       : HikariPool-1 - Starting...
2023-04-25T16:40:59.373+09:00  INFO 4467 --- [    Test worker] com.zaxxer.hikari.pool.HikariPool        : HikariPool-1 - Added connection conn0: url=jdbc:h2:mem:5e0edeb3-e326-4477-ab06-204de8183bef user=SA
2023-04-25T16:40:59.374+09:00  INFO 4467 --- [    Test worker] com.zaxxer.hikari.HikariDataSource       : HikariPool-1 - Start completed.
2023-04-25T16:40:59.410+09:00  INFO 4467 --- [    Test worker] o.hibernate.jpa.internal.util.LogHelper  : HHH000204: Processing PersistenceUnitInfo [name: default]
2023-04-25T16:40:59.451+09:00  INFO 4467 --- [    Test worker] org.hibernate.Version                    : HHH000412: Hibernate ORM core version 6.1.7.Final
2023-04-25T16:40:59.686+09:00  INFO 4467 --- [    Test worker] SQL dialect                              : HHH000400: Using dialect: org.hibernate.dialect.H2Dialect
2023-04-25T16:41:00.300+09:00  INFO 4467 --- [    Test worker] o.h.e.t.j.p.i.JtaPlatformInitiator       : HHH000490: Using JtaPlatform implementation: [org.hibernate.engine.transaction.jta.platform.internal.NoJtaPlatform]
2023-04-25T16:41:00.308+09:00  INFO 4467 --- [    Test worker] j.LocalContainerEntityManagerFactoryBean : Initialized JPA EntityManagerFactory for persistence unit 'default'
2023-04-25T16:41:00.531+09:00  WARN 4467 --- [    Test worker] JpaBaseConfiguration$JpaWebConfiguration : spring.jpa.open-in-view is enabled by default. Therefore, database queries may be performed during view rendering. Explicitly configure spring.jpa.open-in-view to disable this warning
2023-04-25T16:41:00.766+09:00  INFO 4467 --- [    Test worker] o.a.c.c.C.[Tomcat].[localhost].[/]       : Initializing Spring TestDispatcherServlet ''
2023-04-25T16:41:00.766+09:00  INFO 4467 --- [    Test worker] o.s.t.web.servlet.TestDispatcherServlet  : Initializing Servlet ''
2023-04-25T16:41:00.767+09:00  INFO 4467 --- [    Test worker] o.s.t.web.servlet.TestDispatcherServlet  : Completed initialization in 1 ms
2023-04-25T16:41:00.800+09:00  INFO 4467 --- [    Test worker] o.s.b.w.embedded.tomcat.TomcatWebServer  : Tomcat started on port(s): 53857 (http) with context path ''
2023-04-25T16:41:00.808+09:00  INFO 4467 --- [    Test worker] c.d.m.p.m.MovieControllerIntegrationTest : Started MovieControllerIntegrationTest in 2.879 seconds (process running for 3.664)
]]></system-out>
  <system-err><![CDATA[]]></system-err>
</testsuite>
